TN:
SF:src\index.ts
FN:3,getElements
FN:12,getCurrentWeather
FN:28,getForecast
FN:44,displayCurrentWeather
FN:58,displayForecast
FN:62,(anonymous_14)
FN:78,(anonymous_15)
FN:78,(anonymous_16)
FNF:8
FNH:5
FNDA:3,getElements
FNDA:1,getCurrentWeather
FNDA:0,getForecast
FNDA:1,displayCurrentWeather
FNDA:1,displayForecast
FNDA:1,(anonymous_14)
FNDA:0,(anonymous_15)
FNDA:0,(anonymous_16)
DA:1,1
DA:4,3
DA:12,1
DA:13,1
DA:14,1
DA:17,1
DA:18,0
DA:20,1
DA:21,1
DA:23,0
DA:24,0
DA:28,1
DA:29,0
DA:30,0
DA:33,0
DA:34,0
DA:36,0
DA:37,0
DA:39,0
DA:40,0
DA:44,1
DA:45,1
DA:46,1
DA:47,1
DA:54,0
DA:58,1
DA:59,1
DA:60,1
DA:61,1
DA:62,1
DA:72,0
DA:76,1
DA:78,1
DA:79,0
DA:80,0
DA:81,0
DA:82,0
DA:83,0
DA:84,0
DA:86,0
DA:87,0
DA:88,0
LF:42
LH:20
BRDA:17,0,0,0
BRDA:33,1,0,0
BRDA:46,2,0,1
BRDA:46,2,1,0
BRDA:60,3,0,1
BRDA:60,3,1,0
BRDA:78,4,0,1
BRDA:78,4,1,0
BRDA:78,5,0,1
BRDA:78,5,1,0
BRDA:82,6,0,0
BRDA:82,6,1,0
BRDA:82,7,0,0
BRDA:82,7,1,0
BRF:14
BRH:4
end_of_record
